
                         Lattice Mapping Report File

Design:  led_control
Family:  iCE40UP
Device:  iCE40UP5K
Package: SG48
Performance Grade:  High-Performance_1.2V

Mapper:    version Radiant Software (64-bit) 2024.2.0.3.0
Mapped on: Sun Aug 31 14:26:21 2025

Design Information
------------------

Command line:   map -i lab1_gd_impl_1_syn.udb -o lab1_gd_impl_1_map.udb -mp
     lab1_gd_impl_1.mrp -hierrpt -gui -msgset
     C:/Users/gdavis/Desktop/E155-Lab-1/fpga/lab1_gd/promote.xml

Design Summary
--------------

   Number of slice registers:   0 out of  5280 (0%)
   Number of I/O registers:      0 out of   117 (0%)
   Number of LUT4s:             2 out of  5280 (<1%)
      Number of logic LUT4s:               2
      Number of ripple logic:              0 (0 LUT4s)
   Number of IO sites used:   3 out of 39 (8%)
      Number of IO sites used for general PIO: 3
      Number of IO sites used for I3C: 0 out of 2 (0%)
      (note: If I3C is not used, its site can be used as general PIO)
      Number of IO sites used for PIO+I3C: 3 out of 36 (8%)
      Number of IO sites used for OD+RGB IO buffers: 0 out of 3 (0%)
      (note: If RGB LED drivers are not used, sites can be used as OD outputs,
       see TN1288 iCE40 LED Driver Usage Guide)
      Number of IO sites used for PIO+I3C+OD+RGB: 3 out of 39 (8%)
   Number of DSPs:             0 out of 8 (0%)
   Number of I2Cs:             0 out of 2 (0%)
   Number of High Speed OSCs:  0 out of 1 (0%)
   Number of Low Speed OSCs:   0 out of 1 (0%)
   Number of RGB PWM:          0 out of 1 (0%)
   Number of RGB Drivers:      0 out of 1 (0%)
   Number of SCL FILTERs:      0 out of 2 (0%)
   Number of SRAMs:            0 out of 4 (0%)
   Number of WARMBOOTs:        0 out of 1 (0%)
   Number of SPIs:             0 out of 2 (0%)
   Number of EBRs:             0 out of 30 (0%)
   Number of PLLs:             0 out of 1 (0%)
   Number of Clocks:  0
   Number of Clock Enables:  0
   Number of LSRs:  0
   Top 10 highest fanout non-clock nets:
      Net VCC_net: 1 loads





   Number of warnings:  36
   Number of criticals: 0
   Number of errors:    0



                                    Page 1





Design Errors/Criticals/Warnings
--------------------------------

WARNING <71003020> - map: Top module port 's[3]' does not connect to anything.
WARNING <71003020> - map: Top module port 's[2]' does not connect to anything.
WARNING <71003020> - map: Top module port 's[1]' does not connect to anything.
WARNING <71003020> - map: Top module port 's[0]' does not connect to anything.
WARNING <71003020> - map: Top module port 'counter[13]' does not connect to
     anything.
WARNING <71003020> - map: Top module port 'counter[12]' does not connect to
     anything.
WARNING <71003020> - map: Top module port 'counter[11]' does not connect to
     anything.
WARNING <71003020> - map: Top module port 'counter[10]' does not connect to
     anything.
WARNING <71003020> - map: Top module port 'counter[9]' does not connect to
     anything.
WARNING <71003020> - map: Top module port 'counter[8]' does not connect to
     anything.
WARNING <71003020> - map: Top module port 'counter[7]' does not connect to
     anything.
WARNING <71003020> - map: Top module port 'counter[6]' does not connect to
     anything.
WARNING <71003020> - map: Top module port 'counter[5]' does not connect to
     anything.
WARNING <71003020> - map: Top module port 'counter[4]' does not connect to
     anything.
WARNING <71003020> - map: Top module port 'counter[3]' does not connect to
     anything.
WARNING <71003020> - map: Top module port 'counter[2]' does not connect to
     anything.
WARNING <71003020> - map: Top module port 'counter[1]' does not connect to
     anything.
WARNING <71003020> - map: Top module port 'counter[0]' does not connect to
     anything.
WARNING <71003020> - map: Top module port 's[3]' does not connect to anything.
WARNING <71003020> - map: Top module port 's[2]' does not connect to anything.
WARNING <71003020> - map: Top module port 's[1]' does not connect to anything.
WARNING <71003020> - map: Top module port 's[0]' does not connect to anything.
WARNING <71003020> - map: Top module port 'counter[13]' does not connect to
     anything.
WARNING <71003020> - map: Top module port 'counter[12]' does not connect to
     anything.
WARNING <71003020> - map: Top module port 'counter[11]' does not connect to
     anything.
WARNING <71003020> - map: Top module port 'counter[10]' does not connect to
     anything.
WARNING <71003020> - map: Top module port 'counter[9]' does not connect to
     anything.
WARNING <71003020> - map: Top module port 'counter[8]' does not connect to
     anything.
WARNING <71003020> - map: Top module port 'counter[7]' does not connect to
     anything.
WARNING <71003020> - map: Top module port 'counter[6]' does not connect to
     anything.
WARNING <71003020> - map: Top module port 'counter[5]' does not connect to
     anything.
WARNING <71003020> - map: Top module port 'counter[4]' does not connect to
     anything.

                                    Page 2





Design Errors/Criticals/Warnings (cont)
---------------------------------------
WARNING <71003020> - map: Top module port 'counter[3]' does not connect to
     anything.
WARNING <71003020> - map: Top module port 'counter[2]' does not connect to
     anything.
WARNING <71003020> - map: Top module port 'counter[1]' does not connect to
     anything.
WARNING <71003020> - map: Top module port 'counter[0]' does not connect to
     anything.

IO (PIO) Attributes
-------------------

+---------------------+-----------+-----------+-------+-------+-----------+
| IO Name             | Direction | Levelmode |  IO   |  IO   | Special   |
|                     |           |  IO_TYPE  |  REG  |  DDR  | IO Buffer |
+---------------------+-----------+-----------+-------+-------+-----------+
| led[1]              | OUTPUT    |           |       |       |           |
+---------------------+-----------+-----------+-------+-------+-----------+
| led[2]              | OUTPUT    |           |       |       |           |
+---------------------+-----------+-----------+-------+-------+-----------+
| led[0]              | OUTPUT    |           |       |       |           |
+---------------------+-----------+-----------+-------+-------+-----------+

Constraint Summary
------------------

   Total number of constraints: 0
   Total number of constraints dropped: 0

Run Time and Memory Usage
-------------------------

   Total CPU Time: 0 secs
   Total REAL Time: 0 secs
   Peak Memory Usage: 62 MB
Checksum -- map: 40382b5f86f48c1aea621249f43a30308b172330






















                                    Page 3


Copyright (c) 1991-1994 by NeoCAD Inc. All rights reserved.
Copyright (c) 1995
     AT&T Corp.   All rights reserved.
Copyright (c) 1995-2001 Lucent
     Technologies Inc.  All rights reserved.
Copyright (c) 2001 Agere Systems
     All rights reserved.
Copyright (c) 2002-2024 Lattice Semiconductor
     Corporation,  All rights reserved.
